<?xml version="1.0" encoding="UTF-8"?>
<!-- Generated by org.testng.reporters.JUnitXMLReporter -->
<testsuite ignored="1" hostname="DESKTOP-URLT9UH" failures="0" tests="1" name="Test" time="36.469" errors="0" timestamp="2025-08-20T09:31:57 IST">
  <testcase classname="testCases.TC02_LoginTest" name="verify_login" time="21.488"/>
  <testcase classname="testCases.TC01_AccountRegistration" name="verify_account_registration" time="0.0">
    <ignored/>
  </testcase> <!-- verify_account_registration -->
</testsuite> <!-- Test -->
