<?xml version="1.0" encoding="UTF-8"?>
<testng-results ignored="0" total="1" passed="1" failed="0" skipped="0">
  <reporter-output>
  </reporter-output>
  <suite started-at="2025-05-07T16:28:41 IST" name="Master Suite" finished-at="2025-05-07T16:29:01 IST" duration-ms="19147">
    <groups>
      <group name="Master">
        <method signature="TC02_LoginTest.verify_login()[pri:0, instance:testCases.TC02_LoginTest@14fc1f0]" name="verify_login" class="testCases.TC02_LoginTest"/>
      </group> <!-- Master -->
      <group name="Sanity">
        <method signature="TC02_LoginTest.verify_login()[pri:0, instance:testCases.TC02_LoginTest@14fc1f0]" name="verify_login" class="testCases.TC02_LoginTest"/>
      </group> <!-- Sanity -->
    </groups>
    <test started-at="2025-05-07T16:28:41 IST" name="Test" finished-at="2025-05-07T16:29:01 IST" duration-ms="19147">
      <class name="testCases.TC02_LoginTest">
        <test-method is-config="true" signature="setup(java.lang.String)[pri:0, instance:testCases.TC02_LoginTest@14fc1f0]" started-at="2025-05-07T16:28:42 IST" name="setup" finished-at="2025-05-07T16:28:57 IST" duration-ms="14724" status="PASS">
          <params>
            <param index="0">
              <value>
                <![CDATA[chrome]]>
              </value>
            </param>
          </params>
          <reporter-output>
          </reporter-output>
        </test-method> <!-- setup -->
        <test-method signature="verify_login()[pri:0, instance:testCases.TC02_LoginTest@14fc1f0]" started-at="2025-05-07T16:28:57 IST" name="verify_login" finished-at="2025-05-07T16:28:59 IST" duration-ms="2678" status="PASS">
          <reporter-output>
          </reporter-output>
        </test-method> <!-- verify_login -->
        <test-method is-config="true" signature="tearDown()[pri:0, instance:testCases.TC02_LoginTest@14fc1f0]" started-at="2025-05-07T16:28:59 IST" name="tearDown" finished-at="2025-05-07T16:29:01 IST" duration-ms="1245" status="PASS">
          <reporter-output>
          </reporter-output>
        </test-method> <!-- tearDown -->
      </class> <!-- testCases.TC02_LoginTest -->
    </test> <!-- Test -->
  </suite> <!-- Master Suite -->
</testng-results>
