<?xml version="1.0" encoding="UTF-8"?>
<testng-results ignored="0" total="1" passed="1" failed="0" skipped="0">
  <reporter-output>
  </reporter-output>
  <suite started-at="2025-02-01T18:22:24 IST" name="Master Suite" finished-at="2025-02-01T18:22:47 IST" duration-ms="22931">
    <groups>
      <group name="Master">
        <method signature="TC01_AccountRegistration.verify_account_registration()[pri:0, instance:testCases.TC01_AccountRegistration@14fc1f0]" name="verify_account_registration" class="testCases.TC01_AccountRegistration"/>
      </group> <!-- Master -->
      <group name="Regression">
        <method signature="TC01_AccountRegistration.verify_account_registration()[pri:0, instance:testCases.TC01_AccountRegistration@14fc1f0]" name="verify_account_registration" class="testCases.TC01_AccountRegistration"/>
      </group> <!-- Regression -->
    </groups>
    <test started-at="2025-02-01T18:22:24 IST" name="Test" finished-at="2025-02-01T18:22:47 IST" duration-ms="22931">
      <class name="testCases.TC01_AccountRegistration">
        <test-method is-config="true" signature="setup(java.lang.String)[pri:0, instance:testCases.TC01_AccountRegistration@14fc1f0]" started-at="2025-02-01T18:22:24 IST" name="setup" finished-at="2025-02-01T18:22:41 IST" duration-ms="16952" status="PASS">
          <params>
            <param index="0">
              <value>
                <![CDATA[chrome]]>
              </value>
            </param>
          </params>
          <reporter-output>
          </reporter-output>
        </test-method> <!-- setup -->
        <test-method signature="verify_account_registration()[pri:0, instance:testCases.TC01_AccountRegistration@14fc1f0]" started-at="2025-02-01T18:22:41 IST" name="verify_account_registration" finished-at="2025-02-01T18:22:45 IST" duration-ms="4561" status="PASS">
          <reporter-output>
          </reporter-output>
        </test-method> <!-- verify_account_registration -->
        <test-method is-config="true" signature="tearDown()[pri:0, instance:testCases.TC01_AccountRegistration@14fc1f0]" started-at="2025-02-01T18:22:46 IST" name="tearDown" finished-at="2025-02-01T18:22:47 IST" duration-ms="1005" status="PASS">
          <reporter-output>
          </reporter-output>
        </test-method> <!-- tearDown -->
      </class> <!-- testCases.TC01_AccountRegistration -->
    </test> <!-- Test -->
  </suite> <!-- Master Suite -->
</testng-results>
