<?xml version="1.0" encoding="UTF-8"?>
<testng-results ignored="0" total="1" passed="1" failed="0" skipped="0">
  <reporter-output>
  </reporter-output>
  <suite started-at="2025-08-20T09:31:20 IST" name="Master Suite" finished-at="2025-08-20T09:31:57 IST" duration-ms="36469">
    <groups>
      <group name="Master">
        <method signature="TC02_LoginTest.verify_login()[pri:0, instance:testCases.TC02_LoginTest@294a6b8e]" name="verify_login" class="testCases.TC02_LoginTest"/>
      </group> <!-- Master -->
      <group name="Sanity">
        <method signature="TC02_LoginTest.verify_login()[pri:0, instance:testCases.TC02_LoginTest@294a6b8e]" name="verify_login" class="testCases.TC02_LoginTest"/>
      </group> <!-- Sanity -->
    </groups>
    <test started-at="2025-08-20T09:31:20 IST" name="Test" finished-at="2025-08-20T09:31:57 IST" duration-ms="36469">
      <class name="testCases.TC02_LoginTest">
        <test-method is-config="true" signature="setup(java.lang.String)[pri:0, instance:testCases.TC02_LoginTest@294a6b8e]" started-at="2025-08-20T09:31:21 IST" name="setup" finished-at="2025-08-20T09:31:34 IST" duration-ms="13942" status="PASS">
          <params>
            <param index="0">
              <value>
                <![CDATA[chrome]]>
              </value>
            </param>
          </params>
          <reporter-output>
          </reporter-output>
        </test-method> <!-- setup -->
        <test-method signature="verify_login()[pri:0, instance:testCases.TC02_LoginTest@294a6b8e]" started-at="2025-08-20T09:31:35 IST" name="verify_login" finished-at="2025-08-20T09:31:56 IST" duration-ms="21488" status="PASS">
          <reporter-output>
          </reporter-output>
        </test-method> <!-- verify_login -->
        <test-method is-config="true" signature="tearDown()[pri:0, instance:testCases.TC02_LoginTest@294a6b8e]" started-at="2025-08-20T09:31:56 IST" name="tearDown" finished-at="2025-08-20T09:31:57 IST" duration-ms="871" status="PASS">
          <reporter-output>
          </reporter-output>
        </test-method> <!-- tearDown -->
      </class> <!-- testCases.TC02_LoginTest -->
    </test> <!-- Test -->
  </suite> <!-- Master Suite -->
</testng-results>
