<?xml version="1.0" encoding="UTF-8"?>
<testng-results ignored="0" total="1" passed="1" failed="0" skipped="0">
  <reporter-output>
  </reporter-output>
  <suite started-at="2025-02-01T17:15:08 IST" name="Master Suite" finished-at="2025-02-01T17:15:37 IST" duration-ms="28175">
    <groups>
      <group name="Master">
        <method signature="TC01_AccountRegistration.verify_account_registration()[pri:0, instance:testCases.TC01_AccountRegistration@6a55299e]" name="verify_account_registration" class="testCases.TC01_AccountRegistration"/>
      </group> <!-- Master -->
      <group name="Regression">
        <method signature="TC01_AccountRegistration.verify_account_registration()[pri:0, instance:testCases.TC01_AccountRegistration@6a55299e]" name="verify_account_registration" class="testCases.TC01_AccountRegistration"/>
      </group> <!-- Regression -->
    </groups>
    <test started-at="2025-02-01T17:15:08 IST" name="Test" finished-at="2025-02-01T17:15:37 IST" duration-ms="28175">
      <class name="testCases.TC01_AccountRegistration">
        <test-method is-config="true" signature="setup(java.lang.String)[pri:0, instance:testCases.TC01_AccountRegistration@6a55299e]" started-at="2025-02-01T17:15:09 IST" name="setup" finished-at="2025-02-01T17:15:31 IST" duration-ms="21397" status="PASS">
          <params>
            <param index="0">
              <value>
                <![CDATA[chrome]]>
              </value>
            </param>
          </params>
          <reporter-output>
          </reporter-output>
        </test-method> <!-- setup -->
        <test-method signature="verify_account_registration()[pri:0, instance:testCases.TC01_AccountRegistration@6a55299e]" started-at="2025-02-01T17:15:31 IST" name="verify_account_registration" finished-at="2025-02-01T17:15:36 IST" duration-ms="5039" status="PASS">
          <reporter-output>
          </reporter-output>
        </test-method> <!-- verify_account_registration -->
        <test-method is-config="true" signature="tearDown()[pri:0, instance:testCases.TC01_AccountRegistration@6a55299e]" started-at="2025-02-01T17:15:36 IST" name="tearDown" finished-at="2025-02-01T17:15:37 IST" duration-ms="602" status="PASS">
          <reporter-output>
          </reporter-output>
        </test-method> <!-- tearDown -->
      </class> <!-- testCases.TC01_AccountRegistration -->
    </test> <!-- Test -->
  </suite> <!-- Master Suite -->
</testng-results>
